2025-04-09 16:02:07.258097 - Received CBT.V508.FILE1024.PDS from FILE1024.XMI 
2025-04-09 16:02:07.271842 - Found $$$#DATE.txt (text/plain) in CBT.V508.FILE1024.PDS, moved to PDS/$$$#DATE
2025-04-09 16:02:07.272461 - Found $$NOTE01.txt (text/plain) in CBT.V508.FILE1024.PDS, moved to PDS/$$NOTE01
2025-04-09 16:02:07.273048 - Found @FIL1024.txt (text/plain) in CBT.V508.FILE1024.PDS, moved to PDS/@FIL1024
2025-04-09 16:02:07.279901 - Found CONCAT.zip (application/zip) in CBT.V508.FILE1024.PDS, moved to CONCAT
2025-04-09 16:02:07.280614 - Found CONCAT#.txt (text/plain) in CBT.V508.FILE1024.PDS, moved to PDS/CONCAT#
2025-04-09 16:02:07.291722 - Found CSFXFER.zip (application/zip) in CBT.V508.FILE1024.PDS, moved to CSFXFER
2025-04-09 16:02:07.292469 - Found CSFXFER#.txt (text/plain) in CBT.V508.FILE1024.PDS, moved to PDS/CSFXFER#
2025-04-09 16:02:07.305050 - Found CSIREXX.zip (application/zip) in CBT.V508.FILE1024.PDS, moved to CSIREXX
2025-04-09 16:02:07.305713 - Found CSIREXX#.txt (text/plain) in CBT.V508.FILE1024.PDS, moved to PDS/CSIREXX#
2025-04-09 16:02:07.306248 - Found ICHRCX0#.txt (text/plain) in CBT.V508.FILE1024.PDS, moved to PDS/ICHRCX0#
2025-04-09 16:02:07.310808 - Found ICHRCX02.zip (application/zip) in CBT.V508.FILE1024.PDS, moved to ICHRCX02
2025-04-09 16:02:07.313064 - Found RACFREE.zip (application/zip) in CBT.V508.FILE1024.PDS, moved to RACFREE
2025-04-09 16:02:07.313743 - Found RACFREE#.txt (text/plain) in CBT.V508.FILE1024.PDS, moved to PDS/RACFREE#
2025-04-09 16:02:07.314333 - Found RACSNOO#.txt (text/plain) in CBT.V508.FILE1024.PDS, moved to PDS/RACSNOO#
2025-04-09 16:02:07.340913 - Found RACSNOOP.zip (application/zip) in CBT.V508.FILE1024.PDS, moved to RACSNOOP
2025-04-09 16:02:07.341634 - Found REXXENQ#.txt (text/plain) in CBT.V508.FILE1024.PDS, moved to PDS/REXXENQ#
2025-04-09 16:02:07.348467 - Found REXXENQ0.zip (application/zip) in CBT.V508.FILE1024.PDS, moved to REXXENQ0
2025-04-09 16:02:07.358402 - Found TICKET.zip (application/zip) in CBT.V508.FILE1024.PDS, moved to TICKET
2025-04-09 16:02:07.359063 - Found TICKET#.txt (text/plain) in CBT.V508.FILE1024.PDS, moved to PDS/TICKET#
